<?xml version="1.0" encoding="UTF-8"?>
<!-- Generated by org.testng.reporters.JUnitReportReporter -->
<testsuite hostname="DESKTOP-T7CF7CF" failures="1" tests="5" name="org.healthcare.healthcaretest" time="43.072" errors="0" timestamp="03 Oct 2023 02:12:12 GMT" skipped="0">
  <testcase classname="org.healthcare.healthcaretest" name="loginbutton" time="15.445"/>
  <testcase classname="org.healthcare.healthcaretest" name="Searchanyone" time="3.614">
    <failure message="The following asserts failed:
	check the credential expected [true] but found [false]" type="java.lang.AssertionError">
      <![CDATA[java.lang.AssertionError: The following asserts failed:
check the credential expected [true] but found [false]
at org.testng.asserts.SoftAssert.assertAll(SoftAssert.java:43)
at org.healthcare.healthcaretest.Searchanyone(healthcaretest.java:59)
at java.base/jdk.internal.reflect.DirectMethodHandleAccessor.invoke(DirectMethodHandleAccessor.java:104)
at java.base/java.lang.reflect.Method.invoke(Method.java:578)
at org.testng.internal.MethodInvocationHelper.invokeMethod(MethodInvocationHelper.java:124)
at org.testng.internal.Invoker.invokeMethod(Invoker.java:583)
at org.testng.internal.Invoker.invokeTestMethod(Invoker.java:719)
at org.testng.internal.Invoker.invokeTestMethods(Invoker.java:989)
at org.testng.internal.TestMethodWorker.invokeTestMethods(TestMethodWorker.java:125)
at org.testng.internal.TestMethodWorker.run(TestMethodWorker.java:109)
at java.base/java.util.concurrent.ThreadPoolExecutor.runWorker(ThreadPoolExecutor.java:1144)
at java.base/java.util.concurrent.ThreadPoolExecutor$Worker.run(ThreadPoolExecutor.java:642)
at java.base/java.lang.Thread.run(Thread.java:1623)
]]>
    </failure>
  </testcase> <!-- Searchanyone -->
  <testcase classname="org.healthcare.healthcaretest" name="saveblood" time="5.114"/>
  <testcase classname="org.healthcare.healthcaretest" name="saveblood" time="11.021"/>
  <testcase classname="org.healthcare.healthcaretest" name="saveblood" time="7.878"/>
</testsuite> <!-- org.healthcare.healthcaretest -->
