<?xml version="1.0" encoding="UTF-8"?>
<!-- Generated by org.testng.reporters.JUnitReportReporter -->
<testsuite hostname="DESKTOP-T7CF7CF" failures="0" tests="3" name="org.healthcare.crossbrowser" time="178.259" errors="0" timestamp="10 Sept 2023 17:59:32 GMT" skipped="0">
  <testcase classname="org.healthcare.crossbrowser" name="tc1" time="17.601"/>
  <testcase classname="org.healthcare.crossbrowser" name="tc1" time="84.251"/>
  <testcase classname="org.healthcare.crossbrowser" name="tc1" time="76.407"/>
</testsuite> <!-- org.healthcare.crossbrowser -->
